<?xml version="1.0" encoding="UTF-8"?>
<testsuite xmlns:xsi="http://www.w3.org/2001/XMLSchema-instance" xsi:noNamespaceSchemaLocation="https://maven.apache.org/surefire/maven-surefire-plugin/xsd/surefire-test-report.xsd" name="org.lfenergy.compas.sct.examples.SctAppExampleTest" time="0.004" tests="0" errors="0" skipped="0" failures="0">
  <properties>
    <property name="sun.desktop" value="gnome"/>
    <property name="awt.toolkit" value="sun.awt.X11.XToolkit"/>
    <property name="java.specification.version" value="11"/>
    <property name="sun.cpu.isalist" value=""/>
    <property name="sun.jnu.encoding" value="UTF-8"/>
    <property name="java.class.path" value="/home/romdhanisam/Bureau/workspace/rspace/lfenergy/compas-sct/docs/examples/example-app/target/test-classes:/home/romdhanisam/Bureau/workspace/rspace/lfenergy/compas-sct/docs/examples/example-app/target/classes:/home/romdhanisam/.m2/repository/org/lfenergy/compas/sct-commons/0.1.0/sct-commons-0.1.0.jar:/home/romdhanisam/.m2/repository/commons-io/commons-io/2.11.0/commons-io-2.11.0.jar:/home/romdhanisam/.m2/repository/org/apache/commons/commons-lang3/3.12.0/commons-lang3-3.12.0.jar:/home/romdhanisam/.m2/repository/jakarta/xml/bind/jakarta.xml.bind-api/2.3.3/jakarta.xml.bind-api-2.3.3.jar:/home/romdhanisam/.m2/repository/jakarta/activation/jakarta.activation-api/1.2.2/jakarta.activation-api-1.2.2.jar:/home/romdhanisam/.m2/repository/com/sun/xml/bind/jaxb-impl/2.3.3/jaxb-impl-2.3.3.jar:/home/romdhanisam/.m2/repository/com/sun/activation/jakarta.activation/1.2.2/jakarta.activation-1.2.2.jar:/home/romdhanisam/.m2/repository/com/fasterxml/jackson/dataformat/jackson-dataformat-yaml/2.12.3/jackson-dataformat-yaml-2.12.3.jar:/home/romdhanisam/.m2/repository/com/fasterxml/jackson/core/jackson-databind/2.12.3/jackson-databind-2.12.3.jar:/home/romdhanisam/.m2/repository/com/fasterxml/jackson/core/jackson-annotations/2.12.3/jackson-annotations-2.12.3.jar:/home/romdhanisam/.m2/repository/org/yaml/snakeyaml/1.27/snakeyaml-1.27.jar:/home/romdhanisam/.m2/repository/com/fasterxml/jackson/core/jackson-core/2.12.3/jackson-core-2.12.3.jar:/home/romdhanisam/.m2/repository/jakarta/annotation/jakarta.annotation-api/1.3.5/jakarta.annotation-api-1.3.5.jar:/home/romdhanisam/.m2/repository/org/glassfish/jaxb/jaxb-runtime/2.3.1/jaxb-runtime-2.3.1.jar:/home/romdhanisam/.m2/repository/javax/xml/bind/jaxb-api/2.3.1/jaxb-api-2.3.1.jar:/home/romdhanisam/.m2/repository/org/glassfish/jaxb/txw2/2.3.1/txw2-2.3.1.jar:/home/romdhanisam/.m2/repository/com/sun/istack/istack-commons-runtime/3.0.7/istack-commons-runtime-3.0.7.jar:/home/romdhanisam/.m2/repository/org/jvnet/staxex/stax-ex/1.8/stax-ex-1.8.jar:/home/romdhanisam/.m2/repository/com/sun/xml/fastinfoset/FastInfoset/1.2.15/FastInfoset-1.2.15.jar:/home/romdhanisam/.m2/repository/javax/activation/javax.activation-api/1.2.0/javax.activation-api-1.2.0.jar:/home/romdhanisam/.m2/repository/org/lfenergy/compas/core/scl2007b4/0.2.1/scl2007b4-0.2.1.jar:/home/romdhanisam/.m2/repository/org/lfenergy/compas/core/commons/0.2.1/commons-0.2.1.jar:/home/romdhanisam/.m2/repository/jakarta/validation/jakarta.validation-api/2.0.2/jakarta.validation-api-2.0.2.jar:/home/romdhanisam/.m2/repository/org/lfenergy/compas/xsd/compas-scl-xsd/0.0.1/compas-scl-xsd-0.0.1.jar:/home/romdhanisam/.m2/repository/org/slf4j/slf4j-api/1.7.31/slf4j-api-1.7.31.jar:/home/romdhanisam/.m2/repository/org/lfenergy/compas/core/scl-extension/0.9.1/scl-extension-0.9.1.jar:/home/romdhanisam/.m2/repository/ch/qos/logback/logback-classic/1.2.6/logback-classic-1.2.6.jar:/home/romdhanisam/.m2/repository/ch/qos/logback/logback-core/1.2.6/logback-core-1.2.6.jar:/home/romdhanisam/.m2/repository/org/lfenergy/compas/sct-app/0.1.0/sct-app-0.1.0.jar:/home/romdhanisam/.m2/repository/org/lfenergy/compas/sct-data/0.1.0/sct-data-0.1.0.jar:/home/romdhanisam/.m2/repository/org/projectlombok/lombok/1.18.24/lombok-1.18.24.jar:/home/romdhanisam/.m2/repository/org/junit/jupiter/junit-jupiter-api/5.8.1/junit-jupiter-api-5.8.1.jar:/home/romdhanisam/.m2/repository/org/opentest4j/opentest4j/1.2.0/opentest4j-1.2.0.jar:/home/romdhanisam/.m2/repository/org/junit/platform/junit-platform-commons/1.8.1/junit-platform-commons-1.8.1.jar:/home/romdhanisam/.m2/repository/org/apiguardian/apiguardian-api/1.1.2/apiguardian-api-1.1.2.jar:"/>
    <property name="java.vm.vendor" value="Ubuntu"/>
    <property name="sun.arch.data.model" value="64"/>
    <property name="java.vendor.url" value="https://ubuntu.com/"/>
    <property name="user.timezone" value=""/>
    <property name="java.vm.specification.version" value="11"/>
    <property name="os.name" value="Linux"/>
    <property name="sun.java.launcher" value="SUN_STANDARD"/>
    <property name="user.country" value="FR"/>
    <property name="sun.boot.library.path" value="/usr/lib/jvm/java-11-openjdk-amd64/lib"/>
    <property name="sun.java.command" value="/home/romdhanisam/Bureau/workspace/rspace/lfenergy/compas-sct/docs/examples/example-app/target/surefire/surefirebooter10088633724874720681.jar /home/romdhanisam/Bureau/workspace/rspace/lfenergy/compas-sct/docs/examples/example-app/target/surefire 2022-09-22T11-09-36_043-jvmRun1 surefire9240634055346300640tmp surefire_01891869546746792112tmp"/>
    <property name="jdk.debug" value="release"/>
    <property name="surefire.test.class.path" value="/home/romdhanisam/Bureau/workspace/rspace/lfenergy/compas-sct/docs/examples/example-app/target/test-classes:/home/romdhanisam/Bureau/workspace/rspace/lfenergy/compas-sct/docs/examples/example-app/target/classes:/home/romdhanisam/.m2/repository/org/lfenergy/compas/sct-commons/0.1.0/sct-commons-0.1.0.jar:/home/romdhanisam/.m2/repository/commons-io/commons-io/2.11.0/commons-io-2.11.0.jar:/home/romdhanisam/.m2/repository/org/apache/commons/commons-lang3/3.12.0/commons-lang3-3.12.0.jar:/home/romdhanisam/.m2/repository/jakarta/xml/bind/jakarta.xml.bind-api/2.3.3/jakarta.xml.bind-api-2.3.3.jar:/home/romdhanisam/.m2/repository/jakarta/activation/jakarta.activation-api/1.2.2/jakarta.activation-api-1.2.2.jar:/home/romdhanisam/.m2/repository/com/sun/xml/bind/jaxb-impl/2.3.3/jaxb-impl-2.3.3.jar:/home/romdhanisam/.m2/repository/com/sun/activation/jakarta.activation/1.2.2/jakarta.activation-1.2.2.jar:/home/romdhanisam/.m2/repository/com/fasterxml/jackson/dataformat/jackson-dataformat-yaml/2.12.3/jackson-dataformat-yaml-2.12.3.jar:/home/romdhanisam/.m2/repository/com/fasterxml/jackson/core/jackson-databind/2.12.3/jackson-databind-2.12.3.jar:/home/romdhanisam/.m2/repository/com/fasterxml/jackson/core/jackson-annotations/2.12.3/jackson-annotations-2.12.3.jar:/home/romdhanisam/.m2/repository/org/yaml/snakeyaml/1.27/snakeyaml-1.27.jar:/home/romdhanisam/.m2/repository/com/fasterxml/jackson/core/jackson-core/2.12.3/jackson-core-2.12.3.jar:/home/romdhanisam/.m2/repository/jakarta/annotation/jakarta.annotation-api/1.3.5/jakarta.annotation-api-1.3.5.jar:/home/romdhanisam/.m2/repository/org/glassfish/jaxb/jaxb-runtime/2.3.1/jaxb-runtime-2.3.1.jar:/home/romdhanisam/.m2/repository/javax/xml/bind/jaxb-api/2.3.1/jaxb-api-2.3.1.jar:/home/romdhanisam/.m2/repository/org/glassfish/jaxb/txw2/2.3.1/txw2-2.3.1.jar:/home/romdhanisam/.m2/repository/com/sun/istack/istack-commons-runtime/3.0.7/istack-commons-runtime-3.0.7.jar:/home/romdhanisam/.m2/repository/org/jvnet/staxex/stax-ex/1.8/stax-ex-1.8.jar:/home/romdhanisam/.m2/repository/com/sun/xml/fastinfoset/FastInfoset/1.2.15/FastInfoset-1.2.15.jar:/home/romdhanisam/.m2/repository/javax/activation/javax.activation-api/1.2.0/javax.activation-api-1.2.0.jar:/home/romdhanisam/.m2/repository/org/lfenergy/compas/core/scl2007b4/0.2.1/scl2007b4-0.2.1.jar:/home/romdhanisam/.m2/repository/org/lfenergy/compas/core/commons/0.2.1/commons-0.2.1.jar:/home/romdhanisam/.m2/repository/jakarta/validation/jakarta.validation-api/2.0.2/jakarta.validation-api-2.0.2.jar:/home/romdhanisam/.m2/repository/org/lfenergy/compas/xsd/compas-scl-xsd/0.0.1/compas-scl-xsd-0.0.1.jar:/home/romdhanisam/.m2/repository/org/slf4j/slf4j-api/1.7.31/slf4j-api-1.7.31.jar:/home/romdhanisam/.m2/repository/org/lfenergy/compas/core/scl-extension/0.9.1/scl-extension-0.9.1.jar:/home/romdhanisam/.m2/repository/ch/qos/logback/logback-classic/1.2.6/logback-classic-1.2.6.jar:/home/romdhanisam/.m2/repository/ch/qos/logback/logback-core/1.2.6/logback-core-1.2.6.jar:/home/romdhanisam/.m2/repository/org/lfenergy/compas/sct-app/0.1.0/sct-app-0.1.0.jar:/home/romdhanisam/.m2/repository/org/lfenergy/compas/sct-data/0.1.0/sct-data-0.1.0.jar:/home/romdhanisam/.m2/repository/org/projectlombok/lombok/1.18.24/lombok-1.18.24.jar:/home/romdhanisam/.m2/repository/org/junit/jupiter/junit-jupiter-api/5.8.1/junit-jupiter-api-5.8.1.jar:/home/romdhanisam/.m2/repository/org/opentest4j/opentest4j/1.2.0/opentest4j-1.2.0.jar:/home/romdhanisam/.m2/repository/org/junit/platform/junit-platform-commons/1.8.1/junit-platform-commons-1.8.1.jar:/home/romdhanisam/.m2/repository/org/apiguardian/apiguardian-api/1.1.2/apiguardian-api-1.1.2.jar:"/>
    <property name="sun.cpu.endian" value="little"/>
    <property name="user.home" value="/home/romdhanisam"/>
    <property name="user.language" value="fr"/>
    <property name="java.specification.vendor" value="Oracle Corporation"/>
    <property name="java.version.date" value="2021-04-20"/>
    <property name="java.home" value="/usr/lib/jvm/java-11-openjdk-amd64"/>
    <property name="file.separator" value="/"/>
    <property name="basedir" value="/home/romdhanisam/Bureau/workspace/rspace/lfenergy/compas-sct/docs/examples/example-app"/>
    <property name="java.vm.compressedOopsMode" value="Zero based"/>
    <property name="line.separator" value="&#10;"/>
    <property name="java.specification.name" value="Java Platform API Specification"/>
    <property name="java.vm.specification.vendor" value="Oracle Corporation"/>
    <property name="java.awt.graphicsenv" value="sun.awt.X11GraphicsEnvironment"/>
    <property name="surefire.real.class.path" value="/home/romdhanisam/Bureau/workspace/rspace/lfenergy/compas-sct/docs/examples/example-app/target/surefire/surefirebooter10088633724874720681.jar"/>
    <property name="sun.management.compiler" value="HotSpot 64-Bit Tiered Compilers"/>
    <property name="java.runtime.version" value="11.0.11+9-Ubuntu-0ubuntu2.20.04"/>
    <property name="user.name" value="romdhanisam"/>
    <property name="path.separator" value=":"/>
    <property name="os.version" value="5.8.0-53-generic"/>
    <property name="java.runtime.name" value="OpenJDK Runtime Environment"/>
    <property name="file.encoding" value="UTF-8"/>
    <property name="java.vm.name" value="OpenJDK 64-Bit Server VM"/>
    <property name="localRepository" value="/home/romdhanisam/.m2/repository"/>
    <property name="java.vendor.url.bug" value="https://bugs.launchpad.net/ubuntu/+source/openjdk-lts"/>
    <property name="java.io.tmpdir" value="/tmp"/>
    <property name="java.version" value="11.0.11"/>
    <property name="user.dir" value="/home/romdhanisam/Bureau/workspace/rspace/lfenergy/compas-sct/docs/examples/example-app"/>
    <property name="os.arch" value="amd64"/>
    <property name="java.vm.specification.name" value="Java Virtual Machine Specification"/>
    <property name="java.awt.printerjob" value="sun.print.PSPrinterJob"/>
    <property name="sun.os.patch.level" value="unknown"/>
    <property name="java.library.path" value="/usr/java/packages/lib:/usr/lib/x86_64-linux-gnu/jni:/lib/x86_64-linux-gnu:/usr/lib/x86_64-linux-gnu:/usr/lib/jni:/lib:/usr/lib"/>
    <property name="java.vm.info" value="mixed mode, sharing"/>
    <property name="java.vendor" value="Ubuntu"/>
    <property name="java.vm.version" value="11.0.11+9-Ubuntu-0ubuntu2.20.04"/>
    <property name="sun.io.unicode.encoding" value="UnicodeLittle"/>
    <property name="java.class.version" value="55.0"/>
  </properties>
</testsuite>